AndroidStudioProyect/app/build/outputs/logs/manifest-merger-debug-report.txt
-- Merging decision tree log ---
manifest
ADDED from AndroidManifest.xml:2:1
	package
		ADDED from AndroidManifest.xml:4:5
		INJECTED from AndroidManifest.xml:0:0
		INJECTED from AndroidManifest.xml:0:0
	android:versionName
		INJECTED from AndroidManifest.xml:0:0
		INJECTED from AndroidManifest.xml:0:0
	xmlns:tools
		ADDED from AndroidManifest.xml:3:5
	xmlns:android
		ADDED from AndroidManifest.xml:2:11
	android:versionCode
		INJECTED from AndroidManifest.xml:0:0
		INJECTED from AndroidManifest.xml:0:0
uses-sdk
ADDED from AndroidManifest.xml:6:5
MERGED from com.android.support:appcompat-v7:21.0.3:15:5
MERGED from com.android.support:support-v4:21.0.3:15:5
MERGED from WhatsAppMD:colorPicker:unspecified:22:5
MERGED from com.getbase:floatingactionbutton:1.9.0:8:5
	tools:overrideLibrary
		ADDED from AndroidManifest.xml:6:15
	android:targetSdkVersion
		INJECTED from AndroidManifest.xml:0:0
		INJECTED from AndroidManifest.xml:0:0
	android:minSdkVersion
		INJECTED from AndroidManifest.xml:0:0
		INJECTED from AndroidManifest.xml:0:0
uses-permission#android.permission.INTERNET
ADDED from AndroidManifest.xml:7:5
	android:name
		ADDED from AndroidManifest.xml:7:22
application
ADDED from AndroidManifest.xml:9:5
MERGED from com.android.support:appcompat-v7:21.0.3:16:5
MERGED from com.android.support:support-v4:21.0.3:16:5
MERGED from WhatsAppMD:colorPicker:unspecified:26:5
MERGED from com.getbase:floatingactionbutton:1.9.0:12:5
	android:label
		ADDED from AndroidManifest.xml:12:9
	android:allowBackup
		ADDED from AndroidManifest.xml:10:9
	android:icon
		ADDED from AndroidManifest.xml:11:9
		REJECTED from WhatsAppMD:colorPicker:unspecified:27:9
	android:theme
		ADDED from AndroidManifest.xml:13:9
	tools:replace
		ADDED from AndroidManifest.xml:14:9
activity#tk.brianvalente.whatsappmd.WhatsAppMD
ADDED from AndroidManifest.xml:15:9
	android:label
		ADDED from AndroidManifest.xml:17:13
	android:name
		ADDED from AndroidManifest.xml:16:13
activity#tk.brianvalente.whatsappmd.FABSettings
ADDED from AndroidManifest.xml:20:9
	android:label
		ADDED from AndroidManifest.xml:22:13
	android:name
		ADDED from AndroidManifest.xml:21:13
activity#tk.brianvalente.whatsappmd.MaterialDrawer
ADDED from AndroidManifest.xml:24:9
	android:label
		ADDED from AndroidManifest.xml:26:13
	android:theme
		ADDED from AndroidManifest.xml:27:13
	android:name
		ADDED from AndroidManifest.xml:25:13
activity#tk.brianvalente.whatsappmd.test
ADDED from AndroidManifest.xml:29:9
	android:label
		ADDED from AndroidManifest.xml:31:13
	android:theme
		ADDED from AndroidManifest.xml:32:13
	android:name
		ADDED from AndroidManifest.xml:30:13
intent-filter#android.intent.action.MAIN+android.intent.category.LAUNCHER
ADDED from AndroidManifest.xml:33:13
action#android.intent.action.MAIN
ADDED from AndroidManifest.xml:34:17
	android:name
		ADDED from AndroidManifest.xml:34:25
category#android.intent.category.LAUNCHER
ADDED from AndroidManifest.xml:36:17
	android:name
		ADDED from AndroidManifest.xml:36:27
activity#afzkl.development.ColorPickerView.activity.Main
ADDED from WhatsAppMD:colorPicker:unspecified:29:9
	android:label
		ADDED from WhatsAppMD:colorPicker:unspecified:31:13
	android:name
		ADDED from WhatsAppMD:colorPicker:unspecified:30:13
intent-filter#android.intent.action.MAIN
ADDED from WhatsAppMD:colorPicker:unspecified:32:13
activity#afzkl.development.ColorPickerView.activity.ColorPickerActivity
ADDED from WhatsAppMD:colorPicker:unspecified:36:9
	android:screenOrientation
		ADDED from WhatsAppMD:colorPicker:unspecified:39:13
	android:label
		ADDED from WhatsAppMD:colorPicker:unspecified:38:13
	android:name
		ADDED from WhatsAppMD:colorPicker:unspecified:37:13